<?xml version="1.0" encoding="UTF-8"?>
<testng-results ignored="0" total="1" passed="1" failed="0" skipped="0">
  <reporter-output>
  </reporter-output>
  <suite started-at="2022-03-11T06:45:04Z" name="Suite" finished-at="2022-03-11T06:45:14Z" duration-ms="9849">
    <groups>
      <group name="cucumber">
        <method signature="TestRunner.runScenario(cucumber.api.testng.CucumberFeatureWrapper)[pri:0, instance:MyRunner.TestRunner@29647f75]" name="runScenario" class="MyRunner.TestRunner"/>
      </group> <!-- cucumber -->
    </groups>
    <test started-at="2022-03-11T06:45:04Z" name="Test" finished-at="2022-03-11T06:45:14Z" duration-ms="9849">
      <class name="MyRunner.TestRunner">
        <test-method is-config="true" signature="setUpClass()[pri:0, instance:MyRunner.TestRunner@29647f75]" started-at="2022-03-11T06:45:04Z" name="setUpClass" finished-at="2022-03-11T06:45:05Z" duration-ms="115" status="PASS">
          <reporter-output>
          </reporter-output>
        </test-method> <!-- setUpClass -->
        <test-method is-config="true" signature="setUpDdriver()[pri:0, instance:MyRunner.TestRunner@29647f75]" started-at="2022-03-11T06:45:05Z" name="setUpDdriver" finished-at="2022-03-11T06:45:08Z" duration-ms="3208" status="PASS">
          <reporter-output>
          </reporter-output>
        </test-method> <!-- setUpDdriver -->
        <test-method signature="runScenario(cucumber.api.testng.CucumberFeatureWrapper)[pri:0, instance:MyRunner.TestRunner@29647f75]" started-at="2022-03-11T06:45:08Z" name="runScenario" description="Runs Cucumber Feature" data-provider="features" finished-at="2022-03-11T06:45:10Z" duration-ms="1814" status="PASS">
          <params>
            <param index="0">
              <value>
                <![CDATA[Amazon login feature]]>
              </value>
            </param>
          </params>
          <reporter-output>
          </reporter-output>
        </test-method> <!-- runScenario -->
        <test-method is-config="true" signature="afterSuite()[pri:0, instance:MyRunner.TestRunner@29647f75]" started-at="2022-03-11T06:45:10Z" name="afterSuite" finished-at="2022-03-11T06:45:14Z" duration-ms="4654" status="PASS">
          <reporter-output>
          </reporter-output>
        </test-method> <!-- afterSuite -->
        <test-method is-config="true" signature="tearDownClass()[pri:0, instance:MyRunner.TestRunner@29647f75]" started-at="2022-03-11T06:45:14Z" name="tearDownClass" finished-at="2022-03-11T06:45:14Z" duration-ms="6" status="PASS">
          <reporter-output>
          </reporter-output>
        </test-method> <!-- tearDownClass -->
      </class> <!-- MyRunner.TestRunner -->
    </test> <!-- Test -->
  </suite> <!-- Suite -->
</testng-results>
